-------------------------------------------------------------------------------
Test set: com.revature.SpringBootJPAIntegrationTest
-------------------------------------------------------------------------------
Tests run: 1, Failures: 0, Errors: 1, Skipped: 0, Time elapsed: 0.647 s <<< FAILURE! - in com.revature.SpringBootJPAIntegrationTest
givenGenericEntityRepository_whenSaveAndRetreiveEntity_thenOK  Time elapsed: 0 s  <<< ERROR!
org.springframework.beans.factory.UnsatisfiedDependencyException: Error creating bean with name 'com.revature.SpringBootJPAIntegrationTest': Unsatisfied dependency expressed through field 'genericEntityRepository'; nested exception is org.springframework.beans.factory.NoSuchBeanDefinitionException: No qualifying bean of type 'com.revature.repositories.GenericEntityRepository' available: expected at least 1 bean which qualifies as autowire candidate. Dependency annotations: {@org.springframework.beans.factory.annotation.Autowired(required=true)}
Caused by: org.springframework.beans.factory.NoSuchBeanDefinitionException: No qualifying bean of type 'com.revature.repositories.GenericEntityRepository' available: expected at least 1 bean which qualifies as autowire candidate. Dependency annotations: {@org.springframework.beans.factory.annotation.Autowired(required=true)}

